[ 2025-07-31 13:08:55,844 ] 97 werkzeug - WARNING -  * Debugger is active!
[ 2025-07-31 13:08:55,851 ] 97 werkzeug - INFO -  * Debugger PIN: 224-571-016
[ 2025-07-31 13:08:55,965 ] 97 werkzeug - INFO -  * Detected change in 'C:\\Users\\UER\\AppData\\Roaming\\Python\\Python312\\site-packages\\pure_eval\\my_getattr_static.py', reloading
[ 2025-07-31 13:08:55,990 ] 97 werkzeug - INFO -  * Detected change in 'C:\\Users\\UER\\AppData\\Roaming\\Python\\Python312\\site-packages\\pure_eval\\version.py', reloading
[ 2025-07-31 13:08:56,023 ] 97 werkzeug - INFO -  * Detected change in 'C:\\Users\\UER\\AppData\\Roaming\\Python\\Python312\\site-packages\\stack_data\\__init__.py', reloading
[ 2025-07-31 13:08:56,097 ] 97 werkzeug - INFO -  * Detected change in 'C:\\Users\\UER\\AppData\\Roaming\\Python\\Python312\\site-packages\\traitlets\\__init__.py', reloading
[ 2025-07-31 13:08:56,141 ] 97 werkzeug - INFO -  * Detected change in 'C:\\Users\\UER\\AppData\\Roaming\\Python\\Python312\\site-packages\\traitlets\\traitlets.py', reloading
[ 2025-07-31 13:08:56,205 ] 97 werkzeug - INFO -  * Detected change in 'C:\\Users\\UER\\AppData\\Roaming\\Python\\Python312\\site-packages\\traitlets\\_version.py', reloading
[ 2025-07-31 13:08:56,225 ] 97 werkzeug - INFO -  * Detected change in 'C:\\Users\\UER\\AppData\\Roaming\\Python\\Python312\\site-packages\\traitlets\\utils\\bunch.py', reloading
[ 2025-07-31 13:08:56,243 ] 97 werkzeug - INFO -  * Detected change in 'C:\\Users\\UER\\AppData\\Roaming\\Python\\Python312\\site-packages\\traitlets\\utils\\decorators.py', reloading
[ 2025-07-31 13:08:56,271 ] 97 werkzeug - INFO -  * Detected change in 'C:\\Users\\UER\\AppData\\Roaming\\Python\\Python312\\site-packages\\traitlets\\utils\\importstring.py', reloading
[ 2025-07-31 13:08:56,303 ] 97 werkzeug - INFO -  * Detected change in 'C:\\Users\\UER\\AppData\\Roaming\\Python\\Python312\\site-packages\\wcwidth\\__init__.py', reloading
[ 2025-07-31 13:08:56,348 ] 97 werkzeug - INFO -  * Detected change in 'C:\\Users\\UER\\AppData\\Roaming\\Python\\Python312\\site-packages\\wcwidth\\wcwidth.py', reloading
[ 2025-07-31 13:08:56,385 ] 97 werkzeug - INFO -  * Detected change in 'C:\\Users\\UER\\AppData\\Roaming\\Python\\Python312\\site-packages\\wcwidth\\unicode_versions.py', reloading
[ 2025-07-31 13:08:56,458 ] 97 werkzeug - INFO -  * Detected change in 'C:\\Users\\UER\\AppData\\Roaming\\Python\\Python312\\site-packages\\zmq\\constants.py', reloading
[ 2025-07-31 13:08:56,535 ] 97 werkzeug - INFO -  * Detected change in 'C:\\Users\\UER\\AppData\\Roaming\\Python\\Python312\\site-packages\\zmq\\error.py', reloading
[ 2025-07-31 13:08:56,601 ] 97 werkzeug - INFO -  * Detected change in 'C:\\Users\\UER\\AppData\\Roaming\\Python\\Python312\\site-packages\\zmq\\sugar\\context.py', reloading
[ 2025-07-31 13:08:56,632 ] 97 werkzeug - INFO -  * Detected change in 'C:\\Users\\UER\\AppData\\Roaming\\Python\\Python312\\site-packages\\zmq\\sugar\\frame.py', reloading
[ 2025-07-31 13:08:56,664 ] 97 werkzeug - INFO -  * Detected change in 'C:\\Users\\UER\\AppData\\Roaming\\Python\\Python312\\site-packages\\zmq\\sugar\\poll.py', reloading
[ 2025-07-31 13:08:56,689 ] 97 werkzeug - INFO -  * Detected change in 'C:\\Users\\UER\\AppData\\Roaming\\Python\\Python312\\site-packages\\zmq\\sugar\\socket.py', reloading
[ 2025-07-31 13:08:56,730 ] 97 werkzeug - INFO -  * Detected change in 'C:\\Users\\UER\\AppData\\Roaming\\Python\\Python312\\site-packages\\zmq\\sugar\\tracker.py', reloading
[ 2025-07-31 13:08:56,768 ] 97 werkzeug - INFO -  * Detected change in 'C:\\Users\\UER\\AppData\\Roaming\\Python\\Python312\\site-packages\\zmq\\sugar\\version.py', reloading
[ 2025-07-31 13:08:56,841 ] 97 werkzeug - INFO -  * Detected change in 'C:\\Users\\UER\\AppData\\Roaming\\Python\\Python312\\site-packages\\pythonwin\\pywin\\__init__.py', reloading
[ 2025-07-31 13:08:56,868 ] 97 werkzeug - INFO -  * Detected change in 'C:\\Users\\UER\\AppData\\Local\\Programs\\Python\\Python312\\Lib\\site-packages\\absl\\__init__.py', reloading
[ 2025-07-31 13:08:56,906 ] 97 werkzeug - INFO -  * Detected change in 'C:\\Users\\UER\\AppData\\Local\\Programs\\Python\\Python312\\Lib\\site-packages\\altair\\__init__.py', reloading
